==============================================================================
20170921 12:19:12.753 - INFO - + START SUITE: Acceptancetest [ ]
==============================================================================
20170921 12:19:12.799 - INFO - +- START SUITE: Acceptancetest.TicTacToeTests [ ]
==============================================================================
20170921 12:19:12.809 - INFO - +-- START TEST: Win Diagonally as X [ ]
------------------------------------------------------------------------------
20170921 12:19:12.814 - INFO - +--- START KW: keywords.TicTacToeKeywords.Start New Game [ ]
20170921 12:19:12.820 - INFO - +--- END KW: keywords.TicTacToeKeywords.Start New Game (6)
~~~~~~~~~~~~~~~~~~~~~~~~~~~~~~~~~~~~~~~~~~~~~~~~~~~~~~~~~~~~~~~~~~~~~~~~~~~~~~
20170921 12:19:12.822 - INFO - +--- START KW: keywords.TicTacToeKeywords.Mark Location [ 1 | 1 ]
20170921 12:19:12.826 - INFO - +--- END KW: keywords.TicTacToeKeywords.Mark Location (5)
~~~~~~~~~~~~~~~~~~~~~~~~~~~~~~~~~~~~~~~~~~~~~~~~~~~~~~~~~~~~~~~~~~~~~~~~~~~~~~
20170921 12:19:12.828 - INFO - +--- START KW: Check Location [ 1 | 1 | X ]
20170921 12:19:12.832 - INFO - +---- START KW: keywords.TicTacToeKeywords.Get Mark [ ${row} | ${col} ]
20170921 12:19:12.837 - INFO - ${m} = X
20170921 12:19:12.838 - INFO - +---- END KW: keywords.TicTacToeKeywords.Get Mark (6)
20170921 12:19:12.840 - INFO - +---- START KW: BuiltIn.Should Be Equal [ ${m} | ${mark} ]
20170921 12:19:12.844 - INFO - +---- END KW: BuiltIn.Should Be Equal (4)
20170921 12:19:12.846 - INFO - +--- END KW: Check Location (18)
~~~~~~~~~~~~~~~~~~~~~~~~~~~~~~~~~~~~~~~~~~~~~~~~~~~~~~~~~~~~~~~~~~~~~~~~~~~~~~
20170921 12:19:12.848 - INFO - +--- START KW: keywords.TicTacToeKeywords.Mark Location [ 0 | 1 ]
20170921 12:19:12.852 - INFO - +--- END KW: keywords.TicTacToeKeywords.Mark Location (4)
~~~~~~~~~~~~~~~~~~~~~~~~~~~~~~~~~~~~~~~~~~~~~~~~~~~~~~~~~~~~~~~~~~~~~~~~~~~~~~
20170921 12:19:12.853 - INFO - +--- START KW: Check Location [ 0 | 1 | O ]
20170921 12:19:12.857 - INFO - +---- START KW: keywords.TicTacToeKeywords.Get Mark [ ${row} | ${col} ]
20170921 12:19:12.861 - INFO - ${m} = O
20170921 12:19:12.863 - INFO - +---- END KW: keywords.TicTacToeKeywords.Get Mark (5)
20170921 12:19:12.864 - INFO - +---- START KW: BuiltIn.Should Be Equal [ ${m} | ${mark} ]
20170921 12:19:12.869 - INFO - +---- END KW: BuiltIn.Should Be Equal (4)
20170921 12:19:12.871 - INFO - +--- END KW: Check Location (17)
~~~~~~~~~~~~~~~~~~~~~~~~~~~~~~~~~~~~~~~~~~~~~~~~~~~~~~~~~~~~~~~~~~~~~~~~~~~~~~
20170921 12:19:12.872 - INFO - +--- START KW: keywords.TicTacToeKeywords.Mark Location [ 0 | 0 ]
20170921 12:19:12.875 - INFO - +--- END KW: keywords.TicTacToeKeywords.Mark Location (3)
~~~~~~~~~~~~~~~~~~~~~~~~~~~~~~~~~~~~~~~~~~~~~~~~~~~~~~~~~~~~~~~~~~~~~~~~~~~~~~
20170921 12:19:12.876 - INFO - +--- START KW: Check Location [ 0 | 0 | X ]
20170921 12:19:12.880 - INFO - +---- START KW: keywords.TicTacToeKeywords.Get Mark [ ${row} | ${col} ]
20170921 12:19:12.884 - INFO - ${m} = X
20170921 12:19:12.886 - INFO - +---- END KW: keywords.TicTacToeKeywords.Get Mark (5)
20170921 12:19:12.887 - INFO - +---- START KW: BuiltIn.Should Be Equal [ ${m} | ${mark} ]
20170921 12:19:12.894 - INFO - +---- END KW: BuiltIn.Should Be Equal (5)
20170921 12:19:12.896 - INFO - +--- END KW: Check Location (19)
~~~~~~~~~~~~~~~~~~~~~~~~~~~~~~~~~~~~~~~~~~~~~~~~~~~~~~~~~~~~~~~~~~~~~~~~~~~~~~
20170921 12:19:12.898 - INFO - +--- START KW: keywords.TicTacToeKeywords.Mark Location [ 0 | 2 ]
20170921 12:19:12.902 - INFO - +--- END KW: keywords.TicTacToeKeywords.Mark Location (3)
~~~~~~~~~~~~~~~~~~~~~~~~~~~~~~~~~~~~~~~~~~~~~~~~~~~~~~~~~~~~~~~~~~~~~~~~~~~~~~
20170921 12:19:12.903 - INFO - +--- START KW: Check Location [ 0 | 2 | O ]
20170921 12:19:12.906 - INFO - +---- START KW: keywords.TicTacToeKeywords.Get Mark [ ${row} | ${col} ]
20170921 12:19:12.910 - INFO - ${m} = O
20170921 12:19:12.911 - INFO - +---- END KW: keywords.TicTacToeKeywords.Get Mark (5)
20170921 12:19:12.914 - INFO - +---- START KW: BuiltIn.Should Be Equal [ ${m} | ${mark} ]
20170921 12:19:12.919 - INFO - +---- END KW: BuiltIn.Should Be Equal (5)
20170921 12:19:12.922 - INFO - +--- END KW: Check Location (19)
~~~~~~~~~~~~~~~~~~~~~~~~~~~~~~~~~~~~~~~~~~~~~~~~~~~~~~~~~~~~~~~~~~~~~~~~~~~~~~
20170921 12:19:12.923 - INFO - +--- START KW: keywords.TicTacToeKeywords.Mark Location [ 2 | 2 ]
20170921 12:19:12.927 - INFO - +--- END KW: keywords.TicTacToeKeywords.Mark Location (3)
~~~~~~~~~~~~~~~~~~~~~~~~~~~~~~~~~~~~~~~~~~~~~~~~~~~~~~~~~~~~~~~~~~~~~~~~~~~~~~
20170921 12:19:12.928 - INFO - +--- START KW: Check Location [ 2 | 2 | X ]
20170921 12:19:12.932 - INFO - +---- START KW: keywords.TicTacToeKeywords.Get Mark [ ${row} | ${col} ]
20170921 12:19:12.935 - INFO - ${m} = X
20170921 12:19:12.937 - INFO - +---- END KW: keywords.TicTacToeKeywords.Get Mark (4)
20170921 12:19:12.938 - INFO - +---- START KW: BuiltIn.Should Be Equal [ ${m} | ${mark} ]
20170921 12:19:12.942 - INFO - +---- END KW: BuiltIn.Should Be Equal (4)
20170921 12:19:12.944 - INFO - +--- END KW: Check Location (15)
~~~~~~~~~~~~~~~~~~~~~~~~~~~~~~~~~~~~~~~~~~~~~~~~~~~~~~~~~~~~~~~~~~~~~~~~~~~~~~
20170921 12:19:12.945 - INFO - +--- START KW: Winner Should Be [ X ]
20170921 12:19:12.948 - INFO - +---- START KW: keywords.TicTacToeKeywords.Get Winner [ ]
20170921 12:19:12.951 - INFO - ${m} = X
20170921 12:19:12.952 - INFO - +---- END KW: keywords.TicTacToeKeywords.Get Winner (5)
20170921 12:19:12.953 - INFO - +---- START KW: BuiltIn.Should Be Equal [ ${m} | ${mark} ]
20170921 12:19:12.959 - INFO - +---- END KW: BuiltIn.Should Be Equal (6)
20170921 12:19:12.961 - INFO - +--- END KW: Winner Should Be (15)
------------------------------------------------------------------------------
20170921 12:19:12.964 - INFO - +-- END TEST: Win Diagonally as X (155)
------------------------------------------------------------------------------
20170921 12:19:12.965 - INFO - +-- START TEST: Win Horizontally as O [ ]
------------------------------------------------------------------------------
20170921 12:19:12.968 - INFO - +--- START KW: keywords.TicTacToeKeywords.Start New Game [ ]
20170921 12:19:12.970 - INFO - +--- END KW: keywords.TicTacToeKeywords.Start New Game (3)
~~~~~~~~~~~~~~~~~~~~~~~~~~~~~~~~~~~~~~~~~~~~~~~~~~~~~~~~~~~~~~~~~~~~~~~~~~~~~~
20170921 12:19:12.972 - INFO - +--- START KW: keywords.TicTacToeKeywords.Mark Location [ 1 | 1 ]
20170921 12:19:12.976 - INFO - +--- END KW: keywords.TicTacToeKeywords.Mark Location (4)
~~~~~~~~~~~~~~~~~~~~~~~~~~~~~~~~~~~~~~~~~~~~~~~~~~~~~~~~~~~~~~~~~~~~~~~~~~~~~~
20170921 12:19:12.977 - INFO - +--- START KW: Check Location [ 1 | 1 | X ]
20170921 12:19:12.981 - INFO - +---- START KW: keywords.TicTacToeKeywords.Get Mark [ ${row} | ${col} ]
20170921 12:19:12.984 - INFO - ${m} = X
20170921 12:19:12.986 - INFO - +---- END KW: keywords.TicTacToeKeywords.Get Mark (5)
20170921 12:19:12.987 - INFO - +---- START KW: BuiltIn.Should Be Equal [ ${m} | ${mark} ]
20170921 12:19:12.991 - INFO - +---- END KW: BuiltIn.Should Be Equal (3)
20170921 12:19:12.993 - INFO - +--- END KW: Check Location (15)
~~~~~~~~~~~~~~~~~~~~~~~~~~~~~~~~~~~~~~~~~~~~~~~~~~~~~~~~~~~~~~~~~~~~~~~~~~~~~~
20170921 12:19:12.994 - INFO - +--- START KW: keywords.TicTacToeKeywords.Mark Location [ 2 | 0 ]
20170921 12:19:12.997 - INFO - +--- END KW: keywords.TicTacToeKeywords.Mark Location (3)
~~~~~~~~~~~~~~~~~~~~~~~~~~~~~~~~~~~~~~~~~~~~~~~~~~~~~~~~~~~~~~~~~~~~~~~~~~~~~~
20170921 12:19:12.998 - INFO - +--- START KW: Check Location [ 2 | 0 | O ]
20170921 12:19:13.001 - INFO - +---- START KW: keywords.TicTacToeKeywords.Get Mark [ ${row} | ${col} ]
20170921 12:19:13.005 - INFO - ${m} = O
20170921 12:19:13.006 - INFO - +---- END KW: keywords.TicTacToeKeywords.Get Mark (5)
20170921 12:19:13.007 - INFO - +---- START KW: BuiltIn.Should Be Equal [ ${m} | ${mark} ]
20170921 12:19:13.011 - INFO - +---- END KW: BuiltIn.Should Be Equal (3)
20170921 12:19:13.013 - INFO - +--- END KW: Check Location (15)
~~~~~~~~~~~~~~~~~~~~~~~~~~~~~~~~~~~~~~~~~~~~~~~~~~~~~~~~~~~~~~~~~~~~~~~~~~~~~~
20170921 12:19:13.016 - INFO - +--- START KW: keywords.TicTacToeKeywords.Mark Location [ 0 | 0 ]
20170921 12:19:13.020 - INFO - +--- END KW: keywords.TicTacToeKeywords.Mark Location (4)
~~~~~~~~~~~~~~~~~~~~~~~~~~~~~~~~~~~~~~~~~~~~~~~~~~~~~~~~~~~~~~~~~~~~~~~~~~~~~~
20170921 12:19:13.022 - INFO - +--- START KW: Check Location [ 0 | 0 | X ]
20170921 12:19:13.025 - INFO - +---- START KW: keywords.TicTacToeKeywords.Get Mark [ ${row} | ${col} ]
20170921 12:19:13.028 - INFO - ${m} = X
20170921 12:19:13.030 - INFO - +---- END KW: keywords.TicTacToeKeywords.Get Mark (4)
20170921 12:19:13.031 - INFO - +---- START KW: BuiltIn.Should Be Equal [ ${m} | ${mark} ]
20170921 12:19:13.035 - INFO - +---- END KW: BuiltIn.Should Be Equal (4)
20170921 12:19:13.036 - INFO - +--- END KW: Check Location (15)
~~~~~~~~~~~~~~~~~~~~~~~~~~~~~~~~~~~~~~~~~~~~~~~~~~~~~~~~~~~~~~~~~~~~~~~~~~~~~~
20170921 12:19:13.037 - INFO - +--- START KW: keywords.TicTacToeKeywords.Mark Location [ 2 | 2 ]
20170921 12:19:13.040 - INFO - +--- END KW: keywords.TicTacToeKeywords.Mark Location (2)
~~~~~~~~~~~~~~~~~~~~~~~~~~~~~~~~~~~~~~~~~~~~~~~~~~~~~~~~~~~~~~~~~~~~~~~~~~~~~~
20170921 12:19:13.041 - INFO - +--- START KW: Check Location [ 2 | 2 | O ]
20170921 12:19:13.043 - INFO - +---- START KW: keywords.TicTacToeKeywords.Get Mark [ ${row} | ${col} ]
20170921 12:19:13.047 - INFO - ${m} = O
20170921 12:19:13.049 - INFO - +---- END KW: keywords.TicTacToeKeywords.Get Mark (5)
20170921 12:19:13.051 - INFO - +---- START KW: BuiltIn.Should Be Equal [ ${m} | ${mark} ]
20170921 12:19:13.055 - INFO - +---- END KW: BuiltIn.Should Be Equal (5)
20170921 12:19:13.057 - INFO - +--- END KW: Check Location (15)
~~~~~~~~~~~~~~~~~~~~~~~~~~~~~~~~~~~~~~~~~~~~~~~~~~~~~~~~~~~~~~~~~~~~~~~~~~~~~~
20170921 12:19:13.058 - INFO - +--- START KW: keywords.TicTacToeKeywords.Mark Location [ 0 | 2 ]
20170921 12:19:13.062 - INFO - +--- END KW: keywords.TicTacToeKeywords.Mark Location (3)
~~~~~~~~~~~~~~~~~~~~~~~~~~~~~~~~~~~~~~~~~~~~~~~~~~~~~~~~~~~~~~~~~~~~~~~~~~~~~~
20170921 12:19:13.064 - INFO - +--- START KW: Check Location [ 0 | 2 | X ]
20170921 12:19:13.068 - INFO - +---- START KW: keywords.TicTacToeKeywords.Get Mark [ ${row} | ${col} ]
20170921 12:19:13.071 - INFO - ${m} = X
20170921 12:19:13.073 - INFO - +---- END KW: keywords.TicTacToeKeywords.Get Mark (5)
20170921 12:19:13.074 - INFO - +---- START KW: BuiltIn.Should Be Equal [ ${m} | ${mark} ]
20170921 12:19:13.079 - INFO - +---- END KW: BuiltIn.Should Be Equal (4)
20170921 12:19:13.082 - INFO - +--- END KW: Check Location (17)
~~~~~~~~~~~~~~~~~~~~~~~~~~~~~~~~~~~~~~~~~~~~~~~~~~~~~~~~~~~~~~~~~~~~~~~~~~~~~~
20170921 12:19:13.083 - INFO - +--- START KW: keywords.TicTacToeKeywords.Mark Location [ 2 | 1 ]
20170921 12:19:13.087 - INFO - +--- END KW: keywords.TicTacToeKeywords.Mark Location (3)
~~~~~~~~~~~~~~~~~~~~~~~~~~~~~~~~~~~~~~~~~~~~~~~~~~~~~~~~~~~~~~~~~~~~~~~~~~~~~~
20170921 12:19:13.089 - INFO - +--- START KW: Check Location [ 2 | 1 | O ]
20170921 12:19:13.094 - INFO - +---- START KW: keywords.TicTacToeKeywords.Get Mark [ ${row} | ${col} ]
20170921 12:19:13.098 - INFO - ${m} = O
20170921 12:19:13.099 - INFO - +---- END KW: keywords.TicTacToeKeywords.Get Mark (5)
20170921 12:19:13.100 - INFO - +---- START KW: BuiltIn.Should Be Equal [ ${m} | ${mark} ]
20170921 12:19:13.104 - INFO - +---- END KW: BuiltIn.Should Be Equal (3)
20170921 12:19:13.105 - INFO - +--- END KW: Check Location (17)
~~~~~~~~~~~~~~~~~~~~~~~~~~~~~~~~~~~~~~~~~~~~~~~~~~~~~~~~~~~~~~~~~~~~~~~~~~~~~~
20170921 12:19:13.106 - INFO - +--- START KW: Winner Should Be [ O ]
20170921 12:19:13.108 - INFO - +---- START KW: keywords.TicTacToeKeywords.Get Winner [ ]
20170921 12:19:13.111 - INFO - ${m} = O
20170921 12:19:13.112 - INFO - +---- END KW: keywords.TicTacToeKeywords.Get Winner (4)
20170921 12:19:13.113 - INFO - +---- START KW: BuiltIn.Should Be Equal [ ${m} | ${mark} ]
20170921 12:19:13.117 - INFO - +---- END KW: BuiltIn.Should Be Equal (3)
20170921 12:19:13.118 - INFO - +--- END KW: Winner Should Be (11)
------------------------------------------------------------------------------
20170921 12:19:13.121 - INFO - +-- END TEST: Win Horizontally as O (154)
------------------------------------------------------------------------------
20170921 12:19:13.122 - INFO - +-- START TEST: Force a Tie [ ]
------------------------------------------------------------------------------
20170921 12:19:13.125 - INFO - +--- START KW: keywords.TicTacToeKeywords.Start New Game [ ]
20170921 12:19:13.127 - INFO - +--- END KW: keywords.TicTacToeKeywords.Start New Game (2)
~~~~~~~~~~~~~~~~~~~~~~~~~~~~~~~~~~~~~~~~~~~~~~~~~~~~~~~~~~~~~~~~~~~~~~~~~~~~~~
20170921 12:19:13.129 - INFO - +--- START KW: keywords.TicTacToeKeywords.Mark Location [ 1 | 1 ]
20170921 12:19:13.132 - INFO - +--- END KW: keywords.TicTacToeKeywords.Mark Location (3)
~~~~~~~~~~~~~~~~~~~~~~~~~~~~~~~~~~~~~~~~~~~~~~~~~~~~~~~~~~~~~~~~~~~~~~~~~~~~~~
20170921 12:19:13.134 - INFO - +--- START KW: Check Location [ 1 | 1 | X ]
20170921 12:19:13.136 - INFO - +---- START KW: keywords.TicTacToeKeywords.Get Mark [ ${row} | ${col} ]
20170921 12:19:13.139 - INFO - ${m} = X
20170921 12:19:13.141 - INFO - +---- END KW: keywords.TicTacToeKeywords.Get Mark (4)
20170921 12:19:13.141 - INFO - +---- START KW: BuiltIn.Should Be Equal [ ${m} | ${mark} ]
20170921 12:19:13.145 - INFO - +---- END KW: BuiltIn.Should Be Equal (3)
20170921 12:19:13.146 - INFO - +--- END KW: Check Location (13)
~~~~~~~~~~~~~~~~~~~~~~~~~~~~~~~~~~~~~~~~~~~~~~~~~~~~~~~~~~~~~~~~~~~~~~~~~~~~~~
20170921 12:19:13.147 - INFO - +--- START KW: keywords.TicTacToeKeywords.Mark Location [ 0 | 0 ]
20170921 12:19:13.149 - INFO - +--- END KW: keywords.TicTacToeKeywords.Mark Location (2)
~~~~~~~~~~~~~~~~~~~~~~~~~~~~~~~~~~~~~~~~~~~~~~~~~~~~~~~~~~~~~~~~~~~~~~~~~~~~~~
20170921 12:19:13.150 - INFO - +--- START KW: Check Location [ 0 | 0 | O ]
20170921 12:19:13.153 - INFO - +---- START KW: keywords.TicTacToeKeywords.Get Mark [ ${row} | ${col} ]
20170921 12:19:13.156 - INFO - ${m} = O
20170921 12:19:13.157 - INFO - +---- END KW: keywords.TicTacToeKeywords.Get Mark (4)
20170921 12:19:13.158 - INFO - +---- START KW: BuiltIn.Should Be Equal [ ${m} | ${mark} ]
20170921 12:19:13.161 - INFO - +---- END KW: BuiltIn.Should Be Equal (3)
20170921 12:19:13.163 - INFO - +--- END KW: Check Location (12)
~~~~~~~~~~~~~~~~~~~~~~~~~~~~~~~~~~~~~~~~~~~~~~~~~~~~~~~~~~~~~~~~~~~~~~~~~~~~~~
20170921 12:19:13.164 - INFO - +--- START KW: keywords.TicTacToeKeywords.Mark Location [ 2 | 0 ]
20170921 12:19:13.166 - INFO - +--- END KW: keywords.TicTacToeKeywords.Mark Location (3)
~~~~~~~~~~~~~~~~~~~~~~~~~~~~~~~~~~~~~~~~~~~~~~~~~~~~~~~~~~~~~~~~~~~~~~~~~~~~~~
20170921 12:19:13.167 - INFO - +--- START KW: Check Location [ 2 | 0 | X ]
20170921 12:19:13.170 - INFO - +---- START KW: keywords.TicTacToeKeywords.Get Mark [ ${row} | ${col} ]
20170921 12:19:13.173 - INFO - ${m} = X
20170921 12:19:13.174 - INFO - +---- END KW: keywords.TicTacToeKeywords.Get Mark (3)
20170921 12:19:13.175 - INFO - +---- START KW: BuiltIn.Should Be Equal [ ${m} | ${mark} ]
20170921 12:19:13.178 - INFO - +---- END KW: BuiltIn.Should Be Equal (2)
20170921 12:19:13.179 - INFO - +--- END KW: Check Location (12)
~~~~~~~~~~~~~~~~~~~~~~~~~~~~~~~~~~~~~~~~~~~~~~~~~~~~~~~~~~~~~~~~~~~~~~~~~~~~~~
20170921 12:19:13.180 - INFO - +--- START KW: keywords.TicTacToeKeywords.Mark Location [ 0 | 2 ]
20170921 12:19:13.183 - INFO - +--- END KW: keywords.TicTacToeKeywords.Mark Location (2)
~~~~~~~~~~~~~~~~~~~~~~~~~~~~~~~~~~~~~~~~~~~~~~~~~~~~~~~~~~~~~~~~~~~~~~~~~~~~~~
20170921 12:19:13.184 - INFO - +--- START KW: Check Location [ 0 | 2 | O ]
20170921 12:19:13.186 - INFO - +---- START KW: keywords.TicTacToeKeywords.Get Mark [ ${row} | ${col} ]
20170921 12:19:13.189 - INFO - ${m} = O
20170921 12:19:13.190 - INFO - +---- END KW: keywords.TicTacToeKeywords.Get Mark (4)
20170921 12:19:13.191 - INFO - +---- START KW: BuiltIn.Should Be Equal [ ${m} | ${mark} ]
20170921 12:19:13.194 - INFO - +---- END KW: BuiltIn.Should Be Equal (3)
20170921 12:19:13.196 - INFO - +--- END KW: Check Location (12)
~~~~~~~~~~~~~~~~~~~~~~~~~~~~~~~~~~~~~~~~~~~~~~~~~~~~~~~~~~~~~~~~~~~~~~~~~~~~~~
20170921 12:19:13.197 - INFO - +--- START KW: keywords.TicTacToeKeywords.Mark Location [ 0 | 1 ]
20170921 12:19:13.199 - INFO - +--- END KW: keywords.TicTacToeKeywords.Mark Location (3)
~~~~~~~~~~~~~~~~~~~~~~~~~~~~~~~~~~~~~~~~~~~~~~~~~~~~~~~~~~~~~~~~~~~~~~~~~~~~~~
20170921 12:19:13.200 - INFO - +--- START KW: Check Location [ 0 | 1 | X ]
20170921 12:19:13.203 - INFO - +---- START KW: keywords.TicTacToeKeywords.Get Mark [ ${row} | ${col} ]
20170921 12:19:13.206 - INFO - ${m} = X
20170921 12:19:13.207 - INFO - +---- END KW: keywords.TicTacToeKeywords.Get Mark (4)
20170921 12:19:13.208 - INFO - +---- START KW: BuiltIn.Should Be Equal [ ${m} | ${mark} ]
20170921 12:19:13.211 - INFO - +---- END KW: BuiltIn.Should Be Equal (3)
20170921 12:19:13.212 - INFO - +--- END KW: Check Location (12)
~~~~~~~~~~~~~~~~~~~~~~~~~~~~~~~~~~~~~~~~~~~~~~~~~~~~~~~~~~~~~~~~~~~~~~~~~~~~~~
20170921 12:19:13.213 - INFO - +--- START KW: keywords.TicTacToeKeywords.Mark Location [ 2 | 1 ]
20170921 12:19:13.215 - INFO - +--- END KW: keywords.TicTacToeKeywords.Mark Location (2)
~~~~~~~~~~~~~~~~~~~~~~~~~~~~~~~~~~~~~~~~~~~~~~~~~~~~~~~~~~~~~~~~~~~~~~~~~~~~~~
20170921 12:19:13.216 - INFO - +--- START KW: Check Location [ 2 | 1 | O ]
20170921 12:19:13.218 - INFO - +---- START KW: keywords.TicTacToeKeywords.Get Mark [ ${row} | ${col} ]
20170921 12:19:13.222 - INFO - ${m} = O
20170921 12:19:13.223 - INFO - +---- END KW: keywords.TicTacToeKeywords.Get Mark (5)
20170921 12:19:13.224 - INFO - +---- START KW: BuiltIn.Should Be Equal [ ${m} | ${mark} ]
20170921 12:19:13.227 - INFO - +---- END KW: BuiltIn.Should Be Equal (2)
20170921 12:19:13.228 - INFO - +--- END KW: Check Location (12)
~~~~~~~~~~~~~~~~~~~~~~~~~~~~~~~~~~~~~~~~~~~~~~~~~~~~~~~~~~~~~~~~~~~~~~~~~~~~~~
20170921 12:19:13.229 - INFO - +--- START KW: keywords.TicTacToeKeywords.Mark Location [ 1 | 2 ]
20170921 12:19:13.232 - INFO - +--- END KW: keywords.TicTacToeKeywords.Mark Location (3)
~~~~~~~~~~~~~~~~~~~~~~~~~~~~~~~~~~~~~~~~~~~~~~~~~~~~~~~~~~~~~~~~~~~~~~~~~~~~~~
20170921 12:19:13.233 - INFO - +--- START KW: Check Location [ 1 | 2 | X ]
20170921 12:19:13.236 - INFO - +---- START KW: keywords.TicTacToeKeywords.Get Mark [ ${row} | ${col} ]
20170921 12:19:13.238 - INFO - ${m} = X
20170921 12:19:13.239 - INFO - +---- END KW: keywords.TicTacToeKeywords.Get Mark (2)
20170921 12:19:13.239 - INFO - +---- START KW: BuiltIn.Should Be Equal [ ${m} | ${mark} ]
20170921 12:19:13.242 - INFO - +---- END KW: BuiltIn.Should Be Equal (3)
20170921 12:19:13.243 - INFO - +--- END KW: Check Location (10)
~~~~~~~~~~~~~~~~~~~~~~~~~~~~~~~~~~~~~~~~~~~~~~~~~~~~~~~~~~~~~~~~~~~~~~~~~~~~~~
20170921 12:19:13.244 - INFO - +--- START KW: keywords.TicTacToeKeywords.Mark Location [ 1 | 0 ]
20170921 12:19:13.246 - INFO - +--- END KW: keywords.TicTacToeKeywords.Mark Location (2)
~~~~~~~~~~~~~~~~~~~~~~~~~~~~~~~~~~~~~~~~~~~~~~~~~~~~~~~~~~~~~~~~~~~~~~~~~~~~~~
20170921 12:19:13.247 - INFO - +--- START KW: Check Location [ 1 | 0 | O ]
20170921 12:19:13.251 - INFO - +---- START KW: keywords.TicTacToeKeywords.Get Mark [ ${row} | ${col} ]
20170921 12:19:13.253 - INFO - ${m} = O
20170921 12:19:13.254 - INFO - +---- END KW: keywords.TicTacToeKeywords.Get Mark (4)
20170921 12:19:13.255 - INFO - +---- START KW: BuiltIn.Should Be Equal [ ${m} | ${mark} ]
20170921 12:19:13.259 - INFO - +---- END KW: BuiltIn.Should Be Equal (3)
20170921 12:19:13.260 - INFO - +--- END KW: Check Location (13)
~~~~~~~~~~~~~~~~~~~~~~~~~~~~~~~~~~~~~~~~~~~~~~~~~~~~~~~~~~~~~~~~~~~~~~~~~~~~~~
20170921 12:19:13.261 - INFO - +--- START KW: keywords.TicTacToeKeywords.Mark Location [ 2 | 2 ]
20170921 12:19:13.265 - INFO - +--- END KW: keywords.TicTacToeKeywords.Mark Location (3)
~~~~~~~~~~~~~~~~~~~~~~~~~~~~~~~~~~~~~~~~~~~~~~~~~~~~~~~~~~~~~~~~~~~~~~~~~~~~~~
20170921 12:19:13.266 - INFO - +--- START KW: Check Location [ 2 | 2 | X ]
20170921 12:19:13.269 - INFO - +---- START KW: keywords.TicTacToeKeywords.Get Mark [ ${row} | ${col} ]
20170921 12:19:13.272 - INFO - ${m} = X
20170921 12:19:13.274 - INFO - +---- END KW: keywords.TicTacToeKeywords.Get Mark (4)
20170921 12:19:13.274 - INFO - +---- START KW: BuiltIn.Should Be Equal [ ${m} | ${mark} ]
20170921 12:19:13.278 - INFO - +---- END KW: BuiltIn.Should Be Equal (3)
20170921 12:19:13.279 - INFO - +--- END KW: Check Location (13)
~~~~~~~~~~~~~~~~~~~~~~~~~~~~~~~~~~~~~~~~~~~~~~~~~~~~~~~~~~~~~~~~~~~~~~~~~~~~~~
20170921 12:19:13.280 - INFO - +--- START KW: Winner Should Be [ TIE ]
20170921 12:19:13.283 - INFO - +---- START KW: keywords.TicTacToeKeywords.Get Winner [ ]
20170921 12:19:13.285 - INFO - ${m} = TIE
20170921 12:19:13.286 - INFO - +---- END KW: keywords.TicTacToeKeywords.Get Winner (2)
20170921 12:19:13.287 - INFO - +---- START KW: BuiltIn.Should Be Equal [ ${m} | ${mark} ]
20170921 12:19:13.290 - INFO - +---- END KW: BuiltIn.Should Be Equal (3)
20170921 12:19:13.292 - INFO - +--- END KW: Winner Should Be (11)
------------------------------------------------------------------------------
20170921 12:19:13.294 - INFO - +-- END TEST: Force a Tie (171)
------------------------------------------------------------------------------
20170921 12:19:13.307 - INFO - +- END SUITE: Acceptancetest.TicTacToeTests (542)
==============================================================================
20170921 12:19:13.320 - INFO - + END SUITE: Acceptancetest (800)
==============================================================================
